#
# There is insufficient memory for the Java Runtime Environment to continue.
# Native memory allocation (malloc) failed to allocate 32744 bytes for ChunkPool::allocate
# Possible reasons:
#   The system is out of physical RAM or swap space
#   In 32 bit mode, the process size limit was hit
# Possible solutions:
#   Reduce memory load on the system
#   Increase physical memory or swap space
#   Check if swap backing store is full
#   Use 64 bit Java on a 64 bit OS
#   Decrease Java heap size (-Xmx/-Xms)
#   Decrease number of Java threads
#   Decrease Java thread stack sizes (-Xss)
#   Set larger code cache with -XX:ReservedCodeCacheSize=
# This output file may be truncated or incomplete.
#
#  Out of Memory Error (allocation.cpp:273), pid=14384, tid=0x0000000000003960
#
# JRE version: Java(TM) SE Runtime Environment (8.0_191-b12) (build 1.8.0_191-b12)
# Java VM: Java HotSpot(TM) 64-Bit Server VM (25.191-b12 mixed mode windows-amd64 compressed oops)
# Failed to write core dump. Minidumps are not enabled by default on client versions of Windows
#

---------------  T H R E A D  ---------------

Current thread (0x000000001a069800):  JavaThread "C1 CompilerThread3" daemon [_thread_in_native, id=14688, stack(0x000000001ab50000,0x000000001ac50000)]

Stack: [0x000000001ab50000,0x000000001ac50000]
[error occurred during error reporting (printing stack bounds), id 0xc0000005]

Native frames: (J=compiled Java code, j=interpreted, Vv=VM code, C=native code)


Current CompileTask:
C1:   6726 3803       1       java.util.regex.Pattern::closure (477 bytes)


---------------  P R O C E S S  ---------------

Java Threads: ( => current thread )
  0x00000000196dd000 JavaThread "HikariPool-1 connection adder" daemon [_thread_blocked, id=9568, stack(0x000000001e960000,0x000000001ea60000)]
  0x000000001a008800 JavaThread "HikariPool-1 housekeeper" daemon [_thread_blocked, id=16188, stack(0x000000001e760000,0x000000001e860000)]
  0x000000001c73c800 JavaThread "mysql-cj-abandoned-connection-cleanup" daemon [_thread_blocked, id=13604, stack(0x000000001df60000,0x000000001e060000)]
  0x000000001c6ac800 JavaThread "container-0" [_thread_blocked, id=7500, stack(0x000000001de60000,0x000000001df60000)]
  0x000000001c6ab800 JavaThread "Catalina-utility-2" [_thread_blocked, id=1552, stack(0x000000001dd60000,0x000000001de60000)]
  0x000000001c6aa800 JavaThread "Catalina-utility-1" [_thread_blocked, id=2600, stack(0x000000001dc60000,0x000000001dd60000)]
  0x000000001bb89000 JavaThread "RMI Scheduler(0)" daemon [_thread_blocked, id=15176, stack(0x000000001cd60000,0x000000001ce60000)]
  0x000000001bb72800 JavaThread "RMI TCP Connection(1)-10.100.102.7" daemon [_thread_in_native, id=3392, stack(0x000000001cc60000,0x000000001cd60000)]
  0x000000001a325800 JavaThread "RMI TCP Accept-0" daemon [_thread_in_native, id=17064, stack(0x000000001b090000,0x000000001b190000)]
  0x000000001a0b2800 JavaThread "Service Thread" daemon [_thread_blocked, id=10128, stack(0x000000001ac50000,0x000000001ad50000)]
=>0x000000001a069800 JavaThread "C1 CompilerThread3" daemon [_thread_in_native, id=14688, stack(0x000000001ab50000,0x000000001ac50000)]
  0x0000000019a4e000 JavaThread "C2 CompilerThread2" daemon [_thread_blocked, id=16428, stack(0x000000001aa50000,0x000000001ab50000)]
  0x0000000019a4d000 JavaThread "C2 CompilerThread1" daemon [_thread_blocked, id=3636, stack(0x000000001a950000,0x000000001aa50000)]
  0x000000001a013000 JavaThread "C2 CompilerThread0" daemon [_thread_blocked, id=11724, stack(0x000000001a850000,0x000000001a950000)]
  0x000000001a011800 JavaThread "Monitor Ctrl-Break" daemon [_thread_in_native, id=12660, stack(0x000000001a750000,0x000000001a850000)]
  0x000000001789a000 JavaThread "Attach Listener" daemon [_thread_blocked, id=13436, stack(0x0000000019e50000,0x0000000019f50000)]
  0x0000000017899000 JavaThread "Signal Dispatcher" daemon [_thread_blocked, id=15448, stack(0x0000000019d50000,0x0000000019e50000)]
  0x0000000019671000 JavaThread "Finalizer" daemon [_thread_blocked, id=18180, stack(0x0000000019b50000,0x0000000019c50000)]
  0x00000000026de000 JavaThread "Reference Handler" daemon [_thread_blocked, id=2128, stack(0x0000000019a50000,0x0000000019b50000)]
  0x00000000025e7800 JavaThread "main" [_thread_blocked, id=14864, stack(0x00000000024e0000,0x00000000025e0000)]

Other Threads:
  0x0000000017889000 VMThread [stack: 0x0000000019550000,0x0000000019650000] [id=1516]
  0x000000001a333000 WatcherThread [stack: 0x000000001b190000,0x000000001b290000] [id=16932]

VM state:at safepoint (normal execution)

VM Mutex/Monitor currently owned by a thread:  ([mutex/lock_event])
[0x0000000000bed450] Threads_lock - owner thread: 0x0000000017889000
[0x0000000000beddd0] Heap_lock - owner thread: 0x00000000025e7800

Heap:
 PSYoungGen      total 139776K, used 101528K [0x00000000d5c00000, 0x00000000def00000, 0x0000000100000000)
  eden space 132096K, 76% used [0x00000000d5c00000,0x00000000dbf26070,0x00000000ddd00000)
  from space 7680K, 0% used [0x00000000de580000,0x00000000de580000,0x00000000ded00000)
  to   space 8704K, 16% used [0x00000000ddd00000,0x00000000dde5f0c0,0x00000000de580000)
 ParOldGen       total 69632K, used 24521K [0x0000000081400000, 0x0000000085800000, 0x00000000d5c00000)
  object space 69632K, 35% used [0x0000000081400000,0x0000000082bf2600,0x0000000085800000)
 Metaspace       used 42514K, capacity 44416K, committed 44544K, reserved 1093632K
  class space    used 5939K, capacity 6327K, committed 6400K, reserved 1048576K

Card table byte_map: [0x0000000011c90000,0x0000000012090000] byte_map_base: 0x0000000011886000

Marking Bits: (ParMarkBitMap*) 0x0000000077003e30
 Begin Bits: [0x0000000012b40000, 0x0000000014af0000)
 End Bits:   [0x0000000014af0000, 0x0000000016aa0000)

Polling page: 0x0000000000b90000

CodeCache: size=245760Kb used=7711Kb max_used=7711Kb free=238048Kb
 bounds [0x00000000028d0000, 0x0000000003060000, 0x00000000118d0000]
 total_blobs=4280 nmethods=3801 adapters=391
 compilation: enabled

Compilation events (10 events):
Event: 6.600 Thread 0x000000001a069800 nmethod 3797 0x0000000003056790 code [0x0000000003056940, 0x0000000003056d38]
Event: 6.600 Thread 0x000000001a069800 3799       1       java.util.StringTokenizer::nextToken (92 bytes)
Event: 6.600 Thread 0x000000001a069800 nmethod 3799 0x0000000003057090 code [0x0000000003057220, 0x0000000003057498]
Event: 6.601 Thread 0x000000001a069800 3800       1       java.util.StringTokenizer::<init> (52 bytes)
Event: 6.601 Thread 0x000000001a069800 nmethod 3800 0x0000000003057610 code [0x0000000003057780, 0x0000000003057908]
Event: 6.675 Thread 0x000000001a069800 3801       1       java.util.regex.Pattern$CharProperty::<init> (5 bytes)
Event: 6.676 Thread 0x000000001a069800 nmethod 3801 0x0000000003057a10 code [0x0000000003057b60, 0x0000000003057c90]
Event: 6.676 Thread 0x000000001a069800 3802       1       java.util.regex.Pattern$CharProperty::<init> (5 bytes)
Event: 6.676 Thread 0x000000001a069800 nmethod 3802 0x0000000003057d10 code [0x0000000003057e60, 0x0000000003057f90]
Event: 6.676 Thread 0x000000001a069800 3803       1       java.util.regex.Pattern::closure (477 bytes)

GC Heap History (10 events):
Event: 3.745 GC heap before
{Heap before GC invocations=9 (full 1):
 PSYoungGen      total 140800K, used 140433K [0x00000000d5c00000, 0x00000000def00000, 0x0000000100000000)
  eden space 132096K, 100% used [0x00000000d5c00000,0x00000000ddd00000,0x00000000ddd00000)
  from space 8704K, 95% used [0x00000000ddd00000,0x00000000de524408,0x00000000de580000)
  to   space 7680K, 0% used [0x00000000de580000,0x00000000de580000,0x00000000ded00000)
 ParOldGen       total 49152K, used 7657K [0x0000000081400000, 0x0000000084400000, 0x00000000d5c00000)
  object space 49152K, 15% used [0x0000000081400000,0x0000000081b7a6d8,0x0000000084400000)
 Metaspace       used 31810K, capacity 33584K, committed 33664K, reserved 1079296K
  class space    used 4330K, capacity 4669K, committed 4736K, reserved 1048576K
Event: 3.755 GC heap after
Heap after GC invocations=9 (full 1):
 PSYoungGen      total 139776K, used 7657K [0x00000000d5c00000, 0x00000000def00000, 0x0000000100000000)
  eden space 132096K, 0% used [0x00000000d5c00000,0x00000000d5c00000,0x00000000ddd00000)
  from space 7680K, 99% used [0x00000000de580000,0x00000000decfa438,0x00000000ded00000)
  to   space 8704K, 0% used [0x00000000ddd00000,0x00000000ddd00000,0x00000000de580000)
 ParOldGen       total 49152K, used 13225K [0x0000000081400000, 0x0000000084400000, 0x00000000d5c00000)
  object space 49152K, 26% used [0x0000000081400000,0x00000000820ea620,0x0000000084400000)
 Metaspace       used 31810K, capacity 33584K, committed 33664K, reserved 1079296K
  class space    used 4330K, capacity 4669K, committed 4736K, reserved 1048576K
}
Event: 4.135 GC heap before
{Heap before GC invocations=10 (full 1):
 PSYoungGen      total 139776K, used 50704K [0x00000000d5c00000, 0x00000000def00000, 0x0000000100000000)
  eden space 132096K, 32% used [0x00000000d5c00000,0x00000000d8609d48,0x00000000ddd00000)
  from space 7680K, 99% used [0x00000000de580000,0x00000000decfa438,0x00000000ded00000)
  to   space 8704K, 0% used [0x00000000ddd00000,0x00000000ddd00000,0x00000000de580000)
 ParOldGen       total 49152K, used 13225K [0x0000000081400000, 0x0000000084400000, 0x00000000d5c00000)
  object space 49152K, 26% used [0x0000000081400000,0x00000000820ea620,0x0000000084400000)
 Metaspace       used 33487K, capacity 35352K, committed 35456K, reserved 1079296K
  class space    used 4541K, capacity 4901K, committed 4992K, reserved 1048576K
Event: 4.142 GC heap after
Heap after GC invocations=10 (full 1):
 PSYoungGen      total 140800K, used 8689K [0x00000000d5c00000, 0x00000000def00000, 0x0000000100000000)
  eden space 132096K, 0% used [0x00000000d5c00000,0x00000000d5c00000,0x00000000ddd00000)
  from space 8704K, 99% used [0x00000000ddd00000,0x00000000de57c7f8,0x00000000de580000)
  to   space 7680K, 0% used [0x00000000de580000,0x00000000de580000,0x00000000ded00000)
 ParOldGen       total 49152K, used 14339K [0x0000000081400000, 0x0000000084400000, 0x00000000d5c00000)
  object space 49152K, 29% used [0x0000000081400000,0x0000000082200d40,0x0000000084400000)
 Metaspace       used 33487K, capacity 35352K, committed 35456K, reserved 1079296K
  class space    used 4541K, capacity 4901K, committed 4992K, reserved 1048576K
}
Event: 4.142 GC heap before
{Heap before GC invocations=11 (full 2):
 PSYoungGen      total 140800K, used 8689K [0x00000000d5c00000, 0x00000000def00000, 0x0000000100000000)
  eden space 132096K, 0% used [0x00000000d5c00000,0x00000000d5c00000,0x00000000ddd00000)
  from space 8704K, 99% used [0x00000000ddd00000,0x00000000de57c7f8,0x00000000de580000)
  to   space 7680K, 0% used [0x00000000de580000,0x00000000de580000,0x00000000ded00000)
 ParOldGen       total 49152K, used 14339K [0x0000000081400000, 0x0000000084400000, 0x00000000d5c00000)
  object space 49152K, 29% used [0x0000000081400000,0x0000000082200d40,0x0000000084400000)
 Metaspace       used 33487K, capacity 35352K, committed 35456K, reserved 1079296K
  class space    used 4541K, capacity 4901K, committed 4992K, reserved 1048576K
Event: 4.178 GC heap after
Heap after GC invocations=11 (full 2):
 PSYoungGen      total 140800K, used 0K [0x00000000d5c00000, 0x00000000def00000, 0x0000000100000000)
  eden space 132096K, 0% used [0x00000000d5c00000,0x00000000d5c00000,0x00000000ddd00000)
  from space 8704K, 0% used [0x00000000ddd00000,0x00000000ddd00000,0x00000000de580000)
  to   space 7680K, 0% used [0x00000000de580000,0x00000000de580000,0x00000000ded00000)
 ParOldGen       total 69632K, used 15224K [0x0000000081400000, 0x0000000085800000, 0x00000000d5c00000)
  object space 69632K, 21% used [0x0000000081400000,0x00000000822de2c8,0x0000000085800000)
 Metaspace       used 33487K, capacity 35352K, committed 35456K, reserved 1079296K
  class space    used 4541K, capacity 4901K, committed 4992K, reserved 1048576K
}
Event: 6.082 GC heap before
{Heap before GC invocations=12 (full 2):
 PSYoungGen      total 140800K, used 110573K [0x00000000d5c00000, 0x00000000def00000, 0x0000000100000000)
  eden space 132096K, 83% used [0x00000000d5c00000,0x00000000dc7fb740,0x00000000ddd00000)
  from space 8704K, 0% used [0x00000000ddd00000,0x00000000ddd00000,0x00000000de580000)
  to   space 7680K, 0% used [0x00000000de580000,0x00000000de580000,0x00000000ded00000)
 ParOldGen       total 69632K, used 15224K [0x0000000081400000, 0x0000000085800000, 0x00000000d5c00000)
  object space 69632K, 21% used [0x0000000081400000,0x00000000822de2c8,0x0000000085800000)
 Metaspace       used 38614K, capacity 40576K, committed 40704K, reserved 1085440K
  class space    used 5247K, capacity 5623K, committed 5632K, reserved 1048576K
Event: 6.093 GC heap after
Heap after GC invocations=12 (full 2):
 PSYoungGen      total 139776K, used 7667K [0x00000000d5c00000, 0x00000000def00000, 0x0000000100000000)
  eden space 132096K, 0% used [0x00000000d5c00000,0x00000000d5c00000,0x00000000ddd00000)
  from space 7680K, 99% used [0x00000000de580000,0x00000000decfcec8,0x00000000ded00000)
  to   space 8704K, 0% used [0x00000000ddd00000,0x00000000ddd00000,0x00000000de580000)
 ParOldGen       total 69632K, used 19578K [0x0000000081400000, 0x0000000085800000, 0x00000000d5c00000)
  object space 69632K, 28% used [0x0000000081400000,0x000000008271eb18,0x0000000085800000)
 Metaspace       used 38614K, capacity 40576K, committed 40704K, reserved 1085440K
  class space    used 5247K, capacity 5623K, committed 5632K, reserved 1048576K
}
Event: 6.093 GC heap before
{Heap before GC invocations=13 (full 3):
 PSYoungGen      total 139776K, used 7667K [0x00000000d5c00000, 0x00000000def00000, 0x0000000100000000)
  eden space 132096K, 0% used [0x00000000d5c00000,0x00000000d5c00000,0x00000000ddd00000)
  from space 7680K, 99% used [0x00000000de580000,0x00000000decfcec8,0x00000000ded00000)
  to   space 8704K, 0% used [0x00000000ddd00000,0x00000000ddd00000,0x00000000de580000)
 ParOldGen       total 69632K, used 19578K [0x0000000081400000, 0x0000000085800000, 0x00000000d5c00000)
  object space 69632K, 28% used [0x0000000081400000,0x000000008271eb18,0x0000000085800000)
 Metaspace       used 38614K, capacity 40576K, committed 40704K, reserved 1085440K
  class space    used 5247K, capacity 5623K, committed 5632K, reserved 1048576K
Event: 6.203 GC heap after
Heap after GC invocations=13 (full 3):
 PSYoungGen      total 139776K, used 0K [0x00000000d5c00000, 0x00000000def00000, 0x0000000100000000)
  eden space 132096K, 0% used [0x00000000d5c00000,0x00000000d5c00000,0x00000000ddd00000)
  from space 7680K, 0% used [0x00000000de580000,0x00000000de580000,0x00000000ded00000)
  to   space 8704K, 0% used [0x00000000ddd00000,0x00000000ddd00000,0x00000000de580000)
 ParOldGen       total 69632K, used 24513K [0x0000000081400000, 0x0000000085800000, 0x00000000d5c00000)
  object space 69632K, 35% used [0x0000000081400000,0x0000000082bf0600,0x0000000085800000)
 Metaspace       used 38614K, capacity 40576K, committed 40704K, reserved 1085440K
  class space    used 5247K, capacity 5623K, committed 5632K, reserved 1048576K
}

Deoptimization events (0 events):
No events

Classes redefined (0 events):
No events

Internal exceptions (10 events):
Event: 4.074 Thread 0x00000000025e7800 Exception <a 'java/lang/NullPointerException'> (0x00000000d8093158) thrown at [C:\re\workspace\8-2-build-windows-amd64-cygwin\jdk8u191\11896\hotspot\src\share\vm\runtime\sharedRuntime.cpp, line 605]
Event: 4.074 Thread 0x00000000025e7800 Implicit null exception at 0x0000000002cd4d4d to 0x0000000002cd4f89
Event: 4.074 Thread 0x00000000025e7800 Exception <a 'java/lang/NullPointerException'> (0x00000000d8093c38) thrown at [C:\re\workspace\8-2-build-windows-amd64-cygwin\jdk8u191\11896\hotspot\src\share\vm\runtime\sharedRuntime.cpp, line 605]
Event: 4.074 Thread 0x00000000025e7800 Implicit null exception at 0x0000000002cd4d4d to 0x0000000002cd4f89
Event: 4.074 Thread 0x00000000025e7800 Exception <a 'java/lang/NullPointerException'> (0x00000000d80946a8) thrown at [C:\re\workspace\8-2-build-windows-amd64-cygwin\jdk8u191\11896\hotspot\src\share\vm\runtime\sharedRuntime.cpp, line 605]
Event: 4.128 Thread 0x000000001bb72800 Exception <a 'java/lang/reflect/InvocationTargetException'> (0x00000000d8506d60) thrown at [C:\re\workspace\8-2-build-windows-amd64-cygwin\jdk8u191\11896\hotspot\src\share\vm\runtime\reflection.cpp, line 1092]
Event: 4.643 Thread 0x000000001bb72800 Exception <a 'java/lang/reflect/InvocationTargetException'> (0x00000000d6c2ae88) thrown at [C:\re\workspace\8-2-build-windows-amd64-cygwin\jdk8u191\11896\hotspot\src\share\vm\runtime\reflection.cpp, line 1092]
Event: 5.155 Thread 0x000000001bb72800 Exception <a 'java/lang/reflect/InvocationTargetException'> (0x00000000d6c393e0) thrown at [C:\re\workspace\8-2-build-windows-amd64-cygwin\jdk8u191\11896\hotspot\src\share\vm\runtime\reflection.cpp, line 1092]
Event: 5.661 Thread 0x000000001bb72800 Exception <a 'java/lang/reflect/InvocationTargetException'> (0x00000000d6c46de0) thrown at [C:\re\workspace\8-2-build-windows-amd64-cygwin\jdk8u191\11896\hotspot\src\share\vm\runtime\reflection.cpp, line 1092]
Event: 6.214 Thread 0x000000001bb72800 Exception <a 'java/lang/reflect/InvocationTargetException'> (0x00000000d5c09c30) thrown at [C:\re\workspace\8-2-build-windows-amd64-cygwin\jdk8u191\11896\hotspot\src\share\vm\runtime\reflection.cpp, line 1092]

Events (10 events):
Event: 6.673 loading class com/datical/liquibase/ext/config/LiquibaseProConfiguration
Event: 6.673 loading class com/datical/liquibase/ext/config/LiquibaseProConfiguration done
Event: 6.675 loading class java/util/regex/Pattern$All
Event: 6.675 loading class java/util/regex/Pattern$All done
Event: 6.675 loading class liquibase/statement/DatabaseFunction
Event: 6.675 loading class liquibase/statement/DatabaseFunction done
Event: 6.676 loading class java/util/regex/Pattern$Caret
Event: 6.676 loading class java/util/regex/Pattern$Caret done
Event: 6.677 loading class com/mysql/cj/jdbc/DatabaseMetaDataUsingInfoSchema
Event: 6.677 loading class com/mysql/cj/jdbc/DatabaseMetaDataUsingInfoSchema done


Dynamic libraries:
0x00007ff73ccb0000 - 0x00007ff73cce7000 	C:\Program Files\Java\jdk1.8.0_191\bin\java.exe
0x00007ffb80b00000 - 0x00007ffb80ced000 	C:\Windows\SYSTEM32\ntdll.dll
0x00007ffb7e690000 - 0x00007ffb7e743000 	C:\Windows\System32\KERNEL32.DLL
0x00007ffb7cf20000 - 0x00007ffb7d1b5000 	C:\Windows\System32\KERNELBASE.dll
0x00007ffb7e240000 - 0x00007ffb7e2e3000 	C:\Windows\System32\ADVAPI32.dll
0x00007ffb805f0000 - 0x00007ffb8068e000 	C:\Windows\System32\msvcrt.dll
0x00007ffb7e1a0000 - 0x00007ffb7e23e000 	C:\Windows\System32\sechost.dll
0x00007ffb7ea10000 - 0x00007ffb7eb32000 	C:\Windows\System32\RPCRT4.dll
0x00007ffb7e4f0000 - 0x00007ffb7e687000 	C:\Windows\System32\USER32.dll
0x00007ffb7d530000 - 0x00007ffb7d550000 	C:\Windows\System32\win32u.dll
0x00007ffb7e450000 - 0x00007ffb7e479000 	C:\Windows\System32\GDI32.dll
0x00007ffb7d1c0000 - 0x00007ffb7d359000 	C:\Windows\System32\gdi32full.dll
0x00007ffb7cc20000 - 0x00007ffb7ccc0000 	C:\Windows\System32\msvcp_win.dll
0x00007ffb7d430000 - 0x00007ffb7d52a000 	C:\Windows\System32\ucrtbase.dll
0x00007ffb6c210000 - 0x00007ffb6c489000 	C:\Windows\WinSxS\amd64_microsoft.windows.common-controls_6595b64144ccf1df_6.0.17763.1217_none_de6e4304534e0ad3\COMCTL32.dll
0x00007ffb807a0000 - 0x00007ffb80acc000 	C:\Windows\System32\combase.dll
0x00007ffb7ccc0000 - 0x00007ffb7cd3e000 	C:\Windows\System32\bcryptPrimitives.dll
0x00007ffb7ef80000 - 0x00007ffb7efae000 	C:\Windows\System32\IMM32.DLL
0x0000000050300000 - 0x00000000503d2000 	C:\Program Files\Java\jdk1.8.0_191\jre\bin\msvcr100.dll
0x00000000767e0000 - 0x0000000077084000 	C:\Program Files\Java\jdk1.8.0_191\jre\bin\server\jvm.dll
0x00007ffb7efb0000 - 0x00007ffb7efb8000 	C:\Windows\System32\PSAPI.DLL
0x00007ffb79290000 - 0x00007ffb792b4000 	C:\Windows\SYSTEM32\WINMM.dll
0x00007ffb77270000 - 0x00007ffb7727a000 	C:\Windows\SYSTEM32\VERSION.dll
0x00007ffb78ea0000 - 0x00007ffb78ea9000 	C:\Windows\SYSTEM32\WSOCK32.dll
0x00007ffb7e7b0000 - 0x00007ffb7e81d000 	C:\Windows\System32\WS2_32.dll
0x00007ffb79260000 - 0x00007ffb7928d000 	C:\Windows\SYSTEM32\WINMMBASE.dll
0x00007ffb7d550000 - 0x00007ffb7d59a000 	C:\Windows\System32\cfgmgr32.dll
0x00000000502f0000 - 0x00000000502ff000 	C:\Program Files\Java\jdk1.8.0_191\jre\bin\verify.dll
0x00000000502c0000 - 0x00000000502e9000 	C:\Program Files\Java\jdk1.8.0_191\jre\bin\java.dll
0x00000000501f0000 - 0x0000000050213000 	C:\Program Files\Java\jdk1.8.0_191\jre\bin\instrument.dll
0x0000000050270000 - 0x0000000050286000 	C:\Program Files\Java\jdk1.8.0_191\jre\bin\zip.dll
0x00007ffb7f0f0000 - 0x00007ffb805e4000 	C:\Windows\System32\SHELL32.dll
0x00007ffb80690000 - 0x00007ffb80738000 	C:\Windows\System32\shcore.dll
0x00007ffb7d5a0000 - 0x00007ffb7dcee000 	C:\Windows\System32\windows.storage.dll
0x00007ffb7cb10000 - 0x00007ffb7cb34000 	C:\Windows\System32\profapi.dll
0x00007ffb7cb60000 - 0x00007ffb7cbbd000 	C:\Windows\System32\powrprof.dll
0x00007ffb80740000 - 0x00007ffb80792000 	C:\Windows\System32\shlwapi.dll
0x00007ffb7cb40000 - 0x00007ffb7cb51000 	C:\Windows\System32\kernel.appcore.dll
0x00007ffb7d360000 - 0x00007ffb7d377000 	C:\Windows\System32\cryptsp.dll
0x00007ffb646b0000 - 0x00007ffb646ca000 	C:\Program Files\JetBrains\IntelliJ IDEA 2019.2\bin\breakgen64.dll
0x0000000050250000 - 0x000000005026a000 	C:\Program Files\Java\jdk1.8.0_191\jre\bin\net.dll
0x00007ffb7c2b0000 - 0x00007ffb7c317000 	C:\Windows\system32\mswsock.dll
0x00007ffb7c020000 - 0x00007ffb7c0e7000 	C:\Windows\SYSTEM32\DNSAPI.dll
0x00007ffb7e4e0000 - 0x00007ffb7e4e8000 	C:\Windows\System32\NSI.dll
0x00007ffb7bfe0000 - 0x00007ffb7c01d000 	C:\Windows\SYSTEM32\IPHLPAPI.DLL
0x00007ffb70280000 - 0x00007ffb7028a000 	C:\Windows\System32\rasadhlp.dll
0x00007ffb70470000 - 0x00007ffb704e9000 	C:\Windows\System32\fwpuclnt.dll
0x00007ffb7dcf0000 - 0x00007ffb7dd16000 	C:\Windows\System32\bcrypt.dll
0x00000000502b0000 - 0x00000000502bd000 	C:\Program Files\Java\jdk1.8.0_191\jre\bin\management.dll
0x0000000050220000 - 0x0000000050231000 	C:\Program Files\Java\jdk1.8.0_191\jre\bin\nio.dll
0x00007ffb7be40000 - 0x00007ffb7be73000 	C:\Windows\system32\rsaenh.dll
0x00007ffb7ca20000 - 0x00007ffb7ca48000 	C:\Windows\SYSTEM32\USERENV.dll
0x00007ffb7c430000 - 0x00007ffb7c43c000 	C:\Windows\SYSTEM32\CRYPTBASE.dll
0x00007ffb71620000 - 0x00007ffb71636000 	C:\Windows\SYSTEM32\dhcpcsvc6.DLL
0x00007ffb71600000 - 0x00007ffb7161c000 	C:\Windows\SYSTEM32\dhcpcsvc.DLL
0x00007ffb5b770000 - 0x00007ffb5b786000 	C:\Windows\system32\napinsp.dll
0x00007ffb5b750000 - 0x00007ffb5b76a000 	C:\Windows\system32\pnrpnsp.dll
0x00007ffb5b740000 - 0x00007ffb5b74e000 	C:\Windows\System32\winrnr.dll
0x00007ffb78e30000 - 0x00007ffb78e4b000 	C:\Windows\system32\NLAapi.dll
0x00007ffb74e50000 - 0x00007ffb74e65000 	C:\Windows\system32\wshbth.dll
0x00000000501c0000 - 0x00000000501e4000 	C:\Program Files\Java\jdk1.8.0_191\jre\bin\sunec.dll
0x00000000502a0000 - 0x00000000502ab000 	C:\Program Files\Java\jdk1.8.0_191\jre\bin\sunmscapi.dll
0x00007ffb7cd40000 - 0x00007ffb7cf1c000 	C:\Windows\System32\CRYPT32.dll
0x00007ffb7caf0000 - 0x00007ffb7cb02000 	C:\Windows\System32\MSASN1.dll

VM Arguments:
jvm_args: -XX:TieredStopAtLevel=1 -Xverify:none -Dspring.output.ansi.enabled=always -Dcom.sun.management.jmxremote -Dspring.jmx.enabled=true -Dspring.liveBeansView.mbeanDomain -Dspring.application.admin.enabled=true -javaagent:C:\Program Files\JetBrains\IntelliJ IDEA 2019.2\lib\idea_rt.jar=52590:C:\Program Files\JetBrains\IntelliJ IDEA 2019.2\bin -Dfile.encoding=UTF-8 
java_command: com.gregad.accountingmanagement.AccountingManagementApplication
java_class_path (initial): C:\Program Files\Java\jdk1.8.0_191\jre\lib\charsets.jar;C:\Program Files\Java\jdk1.8.0_191\jre\lib\deploy.jar;C:\Program Files\Java\jdk1.8.0_191\jre\lib\ext\access-bridge-64.jar;C:\Program Files\Java\jdk1.8.0_191\jre\lib\ext\cldrdata.jar;C:\Program Files\Java\jdk1.8.0_191\jre\lib\ext\dnsns.jar;C:\Program Files\Java\jdk1.8.0_191\jre\lib\ext\jaccess.jar;C:\Program Files\Java\jdk1.8.0_191\jre\lib\ext\jfxrt.jar;C:\Program Files\Java\jdk1.8.0_191\jre\lib\ext\localedata.jar;C:\Program Files\Java\jdk1.8.0_191\jre\lib\ext\nashorn.jar;C:\Program Files\Java\jdk1.8.0_191\jre\lib\ext\sunec.jar;C:\Program Files\Java\jdk1.8.0_191\jre\lib\ext\sunjce_provider.jar;C:\Program Files\Java\jdk1.8.0_191\jre\lib\ext\sunmscapi.jar;C:\Program Files\Java\jdk1.8.0_191\jre\lib\ext\sunpkcs11.jar;C:\Program Files\Java\jdk1.8.0_191\jre\lib\ext\zipfs.jar;C:\Program Files\Java\jdk1.8.0_191\jre\lib\javaws.jar;C:\Program Files\Java\jdk1.8.0_191\jre\lib\jce.jar;C:\Program Files\Java\jdk1.8.0_191\jre\lib\jfr.jar;C:\Program Files\Java\jdk1.8.0_191\jre\lib\jfxswt.jar;C:\Program Files\Java\jdk1.8.0_191\jre\lib\jsse.jar;C:\Program Files\Java\jdk1.8.0_191\jre\lib\management-agent.jar;C:\Program Files\Java\jdk1.8.0_191\jre\lib\plugin.jar;C:\Program Files\Java\jdk1.8.0_191\jre\lib\resources.jar;C:\Program Files\Java\jdk1.8.0_191\jre\lib\rt.jar;C:\Users\Greg\IdeaProjects\accounting-management\target\classes;C:\Users\Greg\.m2\repository\org\springframework\boot\spring-boot-starter-data-jpa\2.2.7.RELEASE\spring-boot-starter-data-jpa-2.2.7.RELEASE.jar;C:\Users\Greg\.m2\repository\org\springframework\boot\spring-boot-starter-aop\2.2.7.RELEASE\spring-boot-starter-aop-2.2.7.RELEASE.jar;C:\Users\Greg\.m2\repository\org\aspectj\aspectjweaver\1.9.5\aspectjweaver-1.9.5.jar;C:\Users\Greg\.m2\repository\org\springframework\boot\spring-boot-starter-jdbc\2.2.7.RELEASE\spring-boot-starter-jdbc-2.2.7.RELEASE.jar;C:\Users\Greg\.m2\repository\com\zaxxer\HikariCP\3.4.3\HikariCP-3.4.3.jar;C:\Users\Gre
Launcher Type: SUN_STANDARD

Environment Variables:
PATH=C:\Program Files (x86)\Common Files\Oracle\Java\javapath;C:\Windows\system32;C:\Windows;C:\Windows\System32\Wbem;C:\Windows\System32\WindowsPowerShell\v1.0\;C:\Windows\System32\OpenSSH\;C:\Program Files\Git\cmd;C:\Program Files\nodejs\;;C:\Program Files\Docker\Docker\resources\bin;C:\ProgramData\DockerDesktop\version-bin;C:\Users\Greg\AppData\Local\Microsoft\WindowsApps;C:\Users\Greg\AppData\Local\GitHubDesktop\bin;C:\Users\Greg\AppData\Roaming\npm;C:\Program Files\heroku\bin
USERNAME=Greg
OS=Windows_NT
PROCESSOR_IDENTIFIER=Intel64 Family 6 Model 142 Stepping 10, GenuineIntel



---------------  S Y S T E M  ---------------

OS: Windows 10.0 , 64 bit Build 17763 (10.0.17763.1158)

CPU:total 8 (initial active 8) (4 cores per cpu, 2 threads per core) family 6 model 142 stepping 10, cmov, cx8, fxsr, mmx, sse, sse2, sse3, ssse3, sse4.1, sse4.2, popcnt, avx, avx2, aes, clmul, erms, 3dnowpref, lzcnt, ht, tsc, tscinvbit, bmi1, bmi2, adx

Memory: 4k page, physical 8301672k(815176k free), swap 12726376k(1140k free)

vm_info: Java HotSpot(TM) 64-Bit Server VM (25.191-b12) for windows-amd64 JRE (1.8.0_191-b12), built on Oct  6 2018 09:29:03 by "java_re" with MS VC++ 10.0 (VS2010)

time: Tue Jun 09 21:35:33 2020
elapsed time: 6 seconds (0d 0h 0m 6s)

